Sun Nov 20 15:47:22 CET 2011: Creating new db @ var\rdf\neostore
Sun Nov 20 15:47:23 CET 2011: Opened [var\rdf\nioneo_logical.log.1] clean empty log, version=0
Sun Nov 20 15:47:23 CET 2011: Opened [C:\Projects\BigData\blueprints-streaming-sail-inferencing\var\rdf\index\lucene.log.1] clean empty log, version=0
Sun Nov 20 15:47:23 CET 2011: TM new log: tm_tx_log.1
Sun Nov 20 15:47:23 CET 2011: --- CONFIGURATION START ---
Sun Nov 20 15:47:23 CET 2011: Physical mem: 2047MB, Heap size: 247MB
Sun Nov 20 15:47:23 CET 2011: Kernel version: Neo4j - Graph Database Kernel 1.5.M01
Sun Nov 20 15:47:23 CET 2011: Neo4j - Graph Database Kernel 1.5.M01
Sun Nov 20 15:47:23 CET 2011: Operating System: Windows XP; version: 5.1; arch: x86; cpus: 8
Sun Nov 20 15:47:23 CET 2011: VM Name: Java HotSpot(TM) Client VM
Sun Nov 20 15:47:23 CET 2011: VM Vendor: Sun Microsystems Inc.
Sun Nov 20 15:47:23 CET 2011: VM Version: 20.1-b02
Sun Nov 20 15:47:23 CET 2011: Boot Class Path: C:\Program Files\Java\jdk1.6.0_26\jre\lib\resources.jar;C:\Program Files\Java\jdk1.6.0_26\jre\lib\rt.jar;C:\Program Files\Java\jdk1.6.0_26\jre\lib\sunrsasign.jar;C:\Program Files\Java\jdk1.6.0_26\jre\lib\jsse.jar;C:\Program Files\Java\jdk1.6.0_26\jre\lib\jce.jar;C:\Program Files\Java\jdk1.6.0_26\jre\lib\charsets.jar;C:\Program Files\Java\jdk1.6.0_26\jre\lib\modules\jdk.boot.jar;C:\Program Files\Java\jdk1.6.0_26\jre\classes
Sun Nov 20 15:47:23 CET 2011: Class Path: C:\Program Files\Java\jdk1.6.0_26\jre\lib\alt-rt.jar;C:\Program Files\Java\jdk1.6.0_26\jre\lib\alt-string.jar;C:\Program Files\Java\jdk1.6.0_26\jre\lib\charsets.jar;C:\Program Files\Java\jdk1.6.0_26\jre\lib\deploy.jar;C:\Program Files\Java\jdk1.6.0_26\jre\lib\javaws.jar;C:\Program Files\Java\jdk1.6.0_26\jre\lib\jce.jar;C:\Program Files\Java\jdk1.6.0_26\jre\lib\jsse.jar;C:\Program Files\Java\jdk1.6.0_26\jre\lib\management-agent.jar;C:\Program Files\Java\jdk1.6.0_26\jre\lib\plugin.jar;C:\Program Files\Java\jdk1.6.0_26\jre\lib\resources.jar;C:\Program Files\Java\jdk1.6.0_26\jre\lib\rt.jar;C:\Program Files\Java\jdk1.6.0_26\jre\lib\ext\dnsns.jar;C:\Program Files\Java\jdk1.6.0_26\jre\lib\ext\localedata.jar;C:\Program Files\Java\jdk1.6.0_26\jre\lib\ext\sunjce_provider.jar;C:\Program Files\Java\jdk1.6.0_26\jre\lib\ext\sunmscapi.jar;C:\Program Files\Java\jdk1.6.0_26\jre\lib\ext\sunpkcs11.jar;C:\Projects\BigData\blueprints-streaming-sail-inferencing\target\classes;C:\Documents and Settings\dsuvee\.m2\repository\com\tinkerpop\blueprints\blueprints-neo4j-graph\1.0\blueprints-neo4j-graph-1.0.jar;C:\Documents and Settings\dsuvee\.m2\repository\com\tinkerpop\blueprints\blueprints-core\1.0\blueprints-core-1.0.jar;C:\Documents and Settings\dsuvee\.m2\repository\org\codehaus\jettison\jettison\1.3\jettison-1.3.jar;C:\Documents and Settings\dsuvee\.m2\repository\stax\stax-api\1.0.1\stax-api-1.0.1.jar;C:\Documents and Settings\dsuvee\.m2\repository\org\codehaus\jackson\jackson-jaxrs\1.8.5\jackson-jaxrs-1.8.5.jar;C:\Documents and Settings\dsuvee\.m2\repository\org\codehaus\jackson\jackson-core-asl\1.8.5\jackson-core-asl-1.8.5.jar;C:\Documents and Settings\dsuvee\.m2\repository\org\codehaus\jackson\jackson-mapper-asl\1.8.5\jackson-mapper-asl-1.8.5.jar;C:\Documents and Settings\dsuvee\.m2\repository\org\neo4j\neo4j-kernel\1.5.M01\neo4j-kernel-1.5.M01.jar;C:\Documents and Settings\dsuvee\.m2\repository\org\apache\geronimo\specs\geronimo-jta_1.1_spec\1.1.1\geronimo-jta_1.1_spec-1.1.1.jar;C:\Documents and Settings\dsuvee\.m2\repository\org\neo4j\neo4j-lucene-index\1.5.M01\neo4j-lucene-index-1.5.M01.jar;C:\Documents and Settings\dsuvee\.m2\repository\org\apache\lucene\lucene-core\3.1.0\lucene-core-3.1.0.jar;C:\Documents and Settings\dsuvee\.m2\repository\org\neo4j\neo4j-graph-algo\1.5.M01\neo4j-graph-algo-1.5.M01.jar;C:\Documents and Settings\dsuvee\.m2\repository\org\neo4j\neo4j-udc\1.5.M01\neo4j-udc-1.5.M01.jar;C:\Documents and Settings\dsuvee\.m2\repository\org\neo4j\neo4j-graph-matching\1.5.M01\neo4j-graph-matching-1.5.M01.jar;C:\Documents and Settings\dsuvee\.m2\repository\org\neo4j\neo4j-cypher\1.5.M01\neo4j-cypher-1.5.M01.jar;C:\Documents and Settings\dsuvee\.m2\repository\org\scala-lang\scala-library\2.9.0-1\scala-library-2.9.0-1.jar;C:\Documents and Settings\dsuvee\.m2\repository\org\neo4j\neo4j-jmx\1.5.M01\neo4j-jmx-1.5.M01.jar;C:\Documents and Settings\dsuvee\.m2\repository\com\tinkerpop\blueprints\blueprints-graph-sail\1.0\blueprints-graph-sail-1.0.jar;C:\Documents and Settings\dsuvee\.m2\repository\net\fortytwo\sesametools\common\1.4\common-1.4.jar;C:\Documents and Settings\dsuvee\.m2\repository\log4j\log4j\1.2.16\log4j-1.2.16.jar;C:\Documents and Settings\dsuvee\.m2\repository\org\slf4j\slf4j-log4j12\1.6.1\slf4j-log4j12-1.6.1.jar;C:\Documents and Settings\dsuvee\.m2\repository\org\slf4j\slf4j-api\1.6.1\slf4j-api-1.6.1.jar;C:\Documents and Settings\dsuvee\.m2\repository\org\openrdf\sesame\sesame-sail-api\2.5.0\sesame-sail-api-2.5.0.jar;C:\Documents and Settings\dsuvee\.m2\repository\org\openrdf\sesame\sesame-query\2.5.0\sesame-query-2.5.0.jar;C:\Documents and Settings\dsuvee\.m2\repository\org\openrdf\sesame\sesame-model\2.5.0\sesame-model-2.5.0.jar;C:\Documents and Settings\dsuvee\.m2\repository\info\aduna\commons\aduna-commons-collections\2.8.0\aduna-commons-collections-2.8.0.jar;C:\Documents and Settings\dsuvee\.m2\repository\info\aduna\commons\aduna-commons-concurrent\2.7.0\aduna-commons-concurrent-2.7.0.jar;C:\Documents and Settings\dsuvee\.m2\repository\info\aduna\commons\aduna-commons-io\2.10.0\aduna-commons-io-2.10.0.jar;C:\Documents and Settings\dsuvee\.m2\repository\info\aduna\commons\aduna-commons-i18n\1.4.0\aduna-commons-i18n-1.4.0.jar;C:\Documents and Settings\dsuvee\.m2\repository\org\openrdf\sesame\sesame-rio-api\2.5.0\sesame-rio-api-2.5.0.jar;C:\Documents and Settings\dsuvee\.m2\repository\info\aduna\commons\aduna-commons-lang\2.9.0\aduna-commons-lang-2.9.0.jar;C:\Documents and Settings\dsuvee\.m2\repository\info\aduna\commons\aduna-commons-net\2.7.0\aduna-commons-net-2.7.0.jar;C:\Documents and Settings\dsuvee\.m2\repository\info\aduna\commons\aduna-commons-text\2.7.0\aduna-commons-text-2.7.0.jar;C:\Documents and Settings\dsuvee\.m2\repository\info\aduna\commons\aduna-commons-iteration\2.10.0\aduna-commons-iteration-2.10.0.jar;C:\Documents and Settings\dsuvee\.m2\repository\org\openrdf\sesame\sesame-queryalgebra-model\2.5.0\sesame-queryalgebra-model-2.5.0.jar;C:\Documents and Settings\dsuvee\.m2\repository\org\openrdf\sesame\sesame-queryalgebra-evaluation\2.5.0\sesame-queryalgebra-evaluation-2.5.0.jar;C:\Documents and Settings\dsuvee\.m2\repository\org\openrdf\sesame\sesame-sail-inferencer\2.5.0\sesame-sail-inferencer-2.5.0.jar;C:\Documents and Settings\dsuvee\.m2\repository\org\openrdf\sesame\sesame-queryparser-api\2.5.0\sesame-queryparser-api-2.5.0.jar;C:\Documents and Settings\dsuvee\.m2\repository\org\openrdf\sesame\sesame-queryparser-serql\2.5.0\sesame-queryparser-serql-2.5.0.jar;C:\Documents and Settings\dsuvee\.m2\repository\org\openrdf\sesame\sesame-repository-sail\2.5.0\sesame-repository-sail-2.5.0.jar;C:\Documents and Settings\dsuvee\.m2\repository\org\openrdf\sesame\sesame-repository-api\2.5.0\sesame-repository-api-2.5.0.jar;C:\Documents and Settings\dsuvee\.m2\repository\org\openrdf\sesame\sesame-repository-sail\2.5.0\sesame-repository-sail-2.5.0-sources.jar;C:\Documents and Settings\dsuvee\.m2\repository\org\openrdf\sesame\sesame-rio-rdfxml\2.5.0\sesame-rio-rdfxml-2.5.0.jar;C:\Documents and Settings\dsuvee\.m2\repository\info\aduna\commons\aduna-commons-xml\2.7.0\aduna-commons-xml-2.7.0.jar;C:\Documents and Settings\dsuvee\.m2\repository\org\openrdf\sesame\sesame-queryparser-sparql\2.5.0\sesame-queryparser-sparql-2.5.0.jar;C:\Program Files\JetBrains\IntelliJ IDEA Community Edition 10.5.1\lib\idea_rt.jar
Sun Nov 20 15:47:23 CET 2011: Library Path: C:\Program Files\Java\jdk1.6.0_26\bin;C:\WINDOWS\Sun\Java\bin;C:\WINDOWS\system32;C:\WINDOWS;C:\Program Files\JetBrains\IntelliJ IDEA Community Edition 10.5.1\bin\..\.\bin;C:\WINDOWS\system32;C:\WINDOWS;C:\WINDOWS\System32\Wbem;C:\Program Files\Intel\WiFi\bin\;C:\Program Files\Common Files\Intel\WirelessCommon\;C:\Program Files\Common Files\Ulead Systems\MPEG;C:\Program Files\ThinkPad\ConnectUtilities;C:\Program Files\Windows Imaging\;C:\Program Files\TortoiseSVN\bin;C:\Program Files\Intel\WiFi\bin\;C:\Program Files\Common Files\Intel\WirelessCommon\;c:\program files\jetbrains\intellij idea community edition 10.5.1\jre\jre\bin;.
Sun Nov 20 15:47:23 CET 2011: Garbage Collector: Copy: [Eden Space, Survivor Space]
Sun Nov 20 15:47:23 CET 2011: Garbage Collector: MarkSweepCompact: [Eden Space, Survivor Space, Tenured Gen, Perm Gen, Perm Gen [shared-ro], Perm Gen [shared-rw]]
Sun Nov 20 15:47:23 CET 2011: VM Arguments: [-Didea.launcher.port=7533, -Didea.launcher.bin.path=C:\Program, Files\JetBrains\IntelliJ, IDEA, Community, Edition, 10.5.1\bin, -Dfile.encoding=UTF-8]
Sun Nov 20 15:47:23 CET 2011: 
Sun Nov 20 15:47:23 CET 2011: create=true
Sun Nov 20 15:47:23 CET 2011: logical_log=var\rdf\nioneo_logical.log
Sun Nov 20 15:47:23 CET 2011: neo_store=var\rdf\neostore
Sun Nov 20 15:47:23 CET 2011: neostore.nodestore.db.mapped_memory=20M
Sun Nov 20 15:47:23 CET 2011: neostore.propertystore.db.arrays.mapped_memory=130M
Sun Nov 20 15:47:23 CET 2011: neostore.propertystore.db.index.keys.mapped_memory=1M
Sun Nov 20 15:47:23 CET 2011: neostore.propertystore.db.index.mapped_memory=1M
Sun Nov 20 15:47:23 CET 2011: neostore.propertystore.db.mapped_memory=90M
Sun Nov 20 15:47:23 CET 2011: neostore.propertystore.db.strings.mapped_memory=130M
Sun Nov 20 15:47:23 CET 2011: neostore.relationshipstore.db.mapped_memory=100M
Sun Nov 20 15:47:23 CET 2011: node_auto_indexing=false
Sun Nov 20 15:47:23 CET 2011: rebuild_idgenerators_fast=true
Sun Nov 20 15:47:23 CET 2011: relationship_auto_indexing=false
Sun Nov 20 15:47:23 CET 2011: store_dir=var\rdf
Sun Nov 20 15:47:23 CET 2011: use_memory_mapped_buffers=false
Sun Nov 20 15:47:23 CET 2011: --- CONFIGURATION END ---
Sun Nov 20 15:47:23 CET 2011: Extension org.neo4j.kernel.KernelExtension[kernel udc] loaded ok
Sun Nov 20 15:47:23 CET 2011: Extension org.neo4j.kernel.KernelExtension[kernel jmx] loaded ok
